{"uuid":"ae870128-3193-4577-afcd-9ef74f35a61c","historyId":"8d7716619f28a80779f6190aeb80449a","fullName":"schleuniger.testcases.Test_Class.createProduct","labels":[{"name":"package","value":"schleuniger.testcases.Test_Class"},{"name":"testClass","value":"schleuniger.testcases.Test_Class"},{"name":"testMethod","value":"createProduct"},{"name":"parentSuite","value":"Default suite"},{"name":"suite","value":"Default test"},{"name":"subSuite","value":"schleuniger.testcases.Test_Class"},{"name":"host","value":"Bohdan-ПК"},{"name":"thread","value":"3088@Bohdan-ПК.main(1)"}],"links":[],"name":"createProduct","status":"broken","statusDetails":{"known":false,"muted":false,"flaky":false,"message":"Expected condition failed: waiting for value to contain \"chosen-container-active\". Current value: \"null\" (tried for 10 second(s) with 500 MILLISECONDS interval)\nBuild info: version: '3.7.1', revision: '8a0099a', time: '2017-11-06T21:01:39.354Z'\nSystem info: host: 'BOHDAN-ПК', ip: '192.168.56.1', os.name: 'Windows 7', os.arch: 'x86', os.version: '6.1', java.version: '1.8.0_144'\nDriver info: org.openqa.selenium.support.events.EventFiringWebDriver\nCapabilities {acceptSslCerts: true, applicationCacheEnabled: true, browserName: firefox, cssSelectorsEnabled: true, databaseEnabled: true, handlesAlerts: true, javascriptEnabled: true, locationContextEnabled: true, nativeEvents: false, platform: WINDOWS, platformName: WINDOWS, rotatable: false, takesScreenshot: true, version: 47.0.1, webStorageEnabled: true}\nSession ID: 1f73f648-53b8-44eb-9a05-128c98db6c1a","trace":"org.openqa.selenium.TimeoutException: Expected condition failed: waiting for value to contain \"chosen-container-active\". Current value: \"null\" (tried for 10 second(s) with 500 MILLISECONDS interval)\nBuild info: version: '3.7.1', revision: '8a0099a', time: '2017-11-06T21:01:39.354Z'\nSystem info: host: 'BOHDAN-ПК', ip: '192.168.56.1', os.name: 'Windows 7', os.arch: 'x86', os.version: '6.1', java.version: '1.8.0_144'\nDriver info: org.openqa.selenium.support.events.EventFiringWebDriver\nCapabilities {acceptSslCerts: true, applicationCacheEnabled: true, browserName: firefox, cssSelectorsEnabled: true, databaseEnabled: true, handlesAlerts: true, javascriptEnabled: true, locationContextEnabled: true, nativeEvents: false, platform: WINDOWS, platformName: WINDOWS, rotatable: false, takesScreenshot: true, version: 47.0.1, webStorageEnabled: true}\nSession ID: 1f73f648-53b8-44eb-9a05-128c98db6c1a\r\n\tat org.openqa.selenium.support.ui.WebDriverWait.timeoutException(WebDriverWait.java:82)\r\n\tat org.openqa.selenium.support.ui.FluentWait.until(FluentWait.java:231)\r\n\tat schleuniger.pages.ProductTemplate.chooseIndustry_aroundBody10(ProductTemplate.java:144)\r\n\tat schleuniger.pages.ProductTemplate$AjcClosure11.run(ProductTemplate.java:1)\r\n\tat org.aspectj.runtime.reflect.JoinPointImpl.proceed(JoinPointImpl.java:149)\r\n\tat io.qameta.allure.aspects.StepsAspects.step(StepsAspects.java:46)\r\n\tat schleuniger.pages.ProductTemplate.chooseIndustry(ProductTemplate.java:143)\r\n\tat schleuniger.testcases.Test_Class.createProduct(Test_Class.java:37)\r\n\tat sun.reflect.NativeMethodAccessorImpl.invoke0(Native Method)\r\n\tat sun.reflect.NativeMethodAccessorImpl.invoke(Unknown Source)\r\n\tat sun.reflect.DelegatingMethodAccessorImpl.invoke(Unknown Source)\r\n\tat java.lang.reflect.Method.invoke(Unknown Source)\r\n\tat org.testng.internal.MethodInvocationHelper.invokeMethod(MethodInvocationHelper.java:108)\r\n\tat org.testng.internal.Invoker.invokeMethod(Invoker.java:661)\r\n\tat org.testng.internal.Invoker.invokeTestMethod(Invoker.java:869)\r\n\tat org.testng.internal.Invoker.invokeTestMethods(Invoker.java:1193)\r\n\tat org.testng.internal.TestMethodWorker.invokeTestMethods(TestMethodWorker.java:126)\r\n\tat org.testng.internal.TestMethodWorker.run(TestMethodWorker.java:109)\r\n\tat org.testng.TestRunner.privateRun(TestRunner.java:744)\r\n\tat org.testng.TestRunner.run(TestRunner.java:602)\r\n\tat org.testng.SuiteRunner.runTest(SuiteRunner.java:380)\r\n\tat org.testng.SuiteRunner.runSequentially(SuiteRunner.java:375)\r\n\tat org.testng.SuiteRunner.privateRun(SuiteRunner.java:340)\r\n\tat org.testng.SuiteRunner.run(SuiteRunner.java:289)\r\n\tat org.testng.SuiteRunnerWorker.runSuite(SuiteRunnerWorker.java:52)\r\n\tat org.testng.SuiteRunnerWorker.run(SuiteRunnerWorker.java:86)\r\n\tat org.testng.TestNG.runSuitesSequentially(TestNG.java:1301)\r\n\tat org.testng.TestNG.runSuitesLocally(TestNG.java:1226)\r\n\tat org.testng.TestNG.runSuites(TestNG.java:1144)\r\n\tat org.testng.TestNG.run(TestNG.java:1115)\r\n\tat org.testng.remote.AbstractRemoteTestNG.run(AbstractRemoteTestNG.java:114)\r\n\tat org.testng.remote.RemoteTestNG.initAndRun(RemoteTestNG.java:251)\r\n\tat org.testng.remote.RemoteTestNG.main(RemoteTestNG.java:77)\r\n"},"stage":"finished","start":1518269364326,"stop":1518269391459,"steps":[{"name":"Navigate to Content btn.","status":"passed","stage":"finished","start":1518269369212,"stop":1518269369483},{"name":"Click on Add content btn.","status":"passed","stage":"finished","start":1518269369484,"stop":1518269372580},{"name":"Click on Product content type.","status":"passed","stage":"finished","start":1518269372581,"stop":1518269379028},{"name":"Typing a title field.","status":"passed","stage":"finished","start":1518269379030,"stop":1518269379508,"parameters":[{"name":"txt","value":"Test Product"}]},{"name":"Typing a subtitle field.","status":"passed","stage":"finished","start":1518269379509,"stop":1518269379679,"parameters":[{"name":"txt","value":"Subtitle"}]},{"name":"Selecting the language of node.","status":"passed","stage":"finished","start":1518269379680,"stop":1518269379881,"parameters":[{"name":"value","value":"de-de"}]},{"name":"Choose category.","status":"passed","stage":"finished","start":1518269379882,"stop":1518269380278,"parameters":[{"name":"categ","value":"Strip"}]},{"name":"Choosing subcategory.","status":"passed","stage":"finished","start":1518269380278,"stop":1518269381019,"parameters":[{"name":"subcategory","value":"Konventionelle Kabel"}]},{"name":"Choosing industry.","status":"broken","statusDetails":{"known":false,"muted":false,"flaky":false,"message":"Expected condition failed: waiting for value to contain \"chosen-container-active\". Current value: \"null\" (tried for 10 second(s) with 500 MILLISECONDS interval)\nBuild info: version: '3.7.1', revision: '8a0099a', time: '2017-11-06T21:01:39.354Z'\nSystem info: host: 'BOHDAN-ПК', ip: '192.168.56.1', os.name: 'Windows 7', os.arch: 'x86', os.version: '6.1', java.version: '1.8.0_144'\nDriver info: org.openqa.selenium.support.events.EventFiringWebDriver\nCapabilities {acceptSslCerts: true, applicationCacheEnabled: true, browserName: firefox, cssSelectorsEnabled: true, databaseEnabled: true, handlesAlerts: true, javascriptEnabled: true, locationContextEnabled: true, nativeEvents: false, platform: WINDOWS, platformName: WINDOWS, rotatable: false, takesScreenshot: true, version: 47.0.1, webStorageEnabled: true}\nSession ID: 1f73f648-53b8-44eb-9a05-128c98db6c1a","trace":"org.openqa.selenium.TimeoutException: Expected condition failed: waiting for value to contain \"chosen-container-active\". Current value: \"null\" (tried for 10 second(s) with 500 MILLISECONDS interval)\nBuild info: version: '3.7.1', revision: '8a0099a', time: '2017-11-06T21:01:39.354Z'\nSystem info: host: 'BOHDAN-ПК', ip: '192.168.56.1', os.name: 'Windows 7', os.arch: 'x86', os.version: '6.1', java.version: '1.8.0_144'\nDriver info: org.openqa.selenium.support.events.EventFiringWebDriver\nCapabilities {acceptSslCerts: true, applicationCacheEnabled: true, browserName: firefox, cssSelectorsEnabled: true, databaseEnabled: true, handlesAlerts: true, javascriptEnabled: true, locationContextEnabled: true, nativeEvents: false, platform: WINDOWS, platformName: WINDOWS, rotatable: false, takesScreenshot: true, version: 47.0.1, webStorageEnabled: true}\nSession ID: 1f73f648-53b8-44eb-9a05-128c98db6c1a\r\n\tat org.openqa.selenium.support.ui.WebDriverWait.timeoutException(WebDriverWait.java:82)\r\n\tat org.openqa.selenium.support.ui.FluentWait.until(FluentWait.java:231)\r\n\tat schleuniger.pages.ProductTemplate.chooseIndustry_aroundBody10(ProductTemplate.java:144)\r\n\tat schleuniger.pages.ProductTemplate$AjcClosure11.run(ProductTemplate.java:1)\r\n\tat org.aspectj.runtime.reflect.JoinPointImpl.proceed(JoinPointImpl.java:149)\r\n\tat io.qameta.allure.aspects.StepsAspects.step(StepsAspects.java:46)\r\n\tat schleuniger.pages.ProductTemplate.chooseIndustry(ProductTemplate.java:143)\r\n\tat schleuniger.testcases.Test_Class.createProduct(Test_Class.java:37)\r\n\tat sun.reflect.NativeMethodAccessorImpl.invoke0(Native Method)\r\n\tat sun.reflect.NativeMethodAccessorImpl.invoke(Unknown Source)\r\n\tat sun.reflect.DelegatingMethodAccessorImpl.invoke(Unknown Source)\r\n\tat java.lang.reflect.Method.invoke(Unknown Source)\r\n\tat org.testng.internal.MethodInvocationHelper.invokeMethod(MethodInvocationHelper.java:108)\r\n\tat org.testng.internal.Invoker.invokeMethod(Invoker.java:661)\r\n\tat org.testng.internal.Invoker.invokeTestMethod(Invoker.java:869)\r\n\tat org.testng.internal.Invoker.invokeTestMethods(Invoker.java:1193)\r\n\tat org.testng.internal.TestMethodWorker.invokeTestMethods(TestMethodWorker.java:126)\r\n\tat org.testng.internal.TestMethodWorker.run(TestMethodWorker.java:109)\r\n\tat org.testng.TestRunner.privateRun(TestRunner.java:744)\r\n\tat org.testng.TestRunner.run(TestRunner.java:602)\r\n\tat org.testng.SuiteRunner.runTest(SuiteRunner.java:380)\r\n\tat org.testng.SuiteRunner.runSequentially(SuiteRunner.java:375)\r\n\tat org.testng.SuiteRunner.privateRun(SuiteRunner.java:340)\r\n\tat org.testng.SuiteRunner.run(SuiteRunner.java:289)\r\n\tat org.testng.SuiteRunnerWorker.runSuite(SuiteRunnerWorker.java:52)\r\n\tat org.testng.SuiteRunnerWorker.run(SuiteRunnerWorker.java:86)\r\n\tat org.testng.TestNG.runSuitesSequentially(TestNG.java:1301)\r\n\tat org.testng.TestNG.runSuitesLocally(TestNG.java:1226)\r\n\tat org.testng.TestNG.runSuites(TestNG.java:1144)\r\n\tat org.testng.TestNG.run(TestNG.java:1115)\r\n\tat org.testng.remote.AbstractRemoteTestNG.run(AbstractRemoteTestNG.java:114)\r\n\tat org.testng.remote.RemoteTestNG.initAndRun(RemoteTestNG.java:251)\r\n\tat org.testng.remote.RemoteTestNG.main(RemoteTestNG.java:77)\r\n"},"stage":"finished","start":1518269381019,"stop":1518269391446,"parameters":[{"name":"industry","value":"Automotive"}]}],"parameters":[]}