{"uuid":"d49aa554-a652-4522-8e8f-ec87ba8c36b7","historyId":"8d7716619f28a80779f6190aeb80449a","fullName":"schleuniger.testcases.Test_Class.createProduct","labels":[{"name":"package","value":"schleuniger.testcases.Test_Class"},{"name":"testClass","value":"schleuniger.testcases.Test_Class"},{"name":"testMethod","value":"createProduct"},{"name":"parentSuite","value":"Default suite"},{"name":"suite","value":"Default test"},{"name":"subSuite","value":"schleuniger.testcases.Test_Class"},{"name":"host","value":"Bohdan-ПК"},{"name":"thread","value":"9484@Bohdan-ПК.main(1)"}],"links":[],"name":"createProduct","status":"broken","statusDetails":{"known":false,"muted":false,"flaky":false,"message":"Element <li data-option-array-index=\"10\" style=\"\" class=\"active-result\"></li> is not clickable at point (223.5, 12.433334350585938). Other element would receive the click: <a href=\"/dach/de-de/admin\" class=\"toolbar-icon toolbar-icon-menu trigger toolbar-item is-active\" data-drupal-subtrees=\"\" id=\"toolbar-item-administration\" data-toolbar-tray=\"toolbar-item-administration-tray\" aria-owns=\"toolbar-item-administration-tray\" role=\"button\" aria-pressed=\"false\"></a> (WARNING: The server did not provide any stacktrace information)\nCommand duration or timeout: 0 milliseconds\nBuild info: version: '3.7.1', revision: '8a0099a', time: '2017-11-06T21:01:39.354Z'\nSystem info: host: 'BOHDAN-ПК', ip: '192.168.56.1', os.name: 'Windows 7', os.arch: 'x86', os.version: '6.1', java.version: '1.8.0_144'\nDriver info: org.openqa.selenium.firefox.FirefoxDriver\nCapabilities {acceptSslCerts: true, applicationCacheEnabled: true, browserName: firefox, cssSelectorsEnabled: true, databaseEnabled: true, handlesAlerts: true, javascriptEnabled: true, locationContextEnabled: true, nativeEvents: false, platform: WINDOWS, platformName: WINDOWS, rotatable: false, takesScreenshot: true, version: 47.0.1, webStorageEnabled: true}\nSession ID: 428759e2-dc35-4182-89dc-cf97b6d5716b","trace":"org.openqa.selenium.WebDriverException: Element <li data-option-array-index=\"10\" style=\"\" class=\"active-result\"></li> is not clickable at point (223.5, 12.433334350585938). Other element would receive the click: <a href=\"/dach/de-de/admin\" class=\"toolbar-icon toolbar-icon-menu trigger toolbar-item is-active\" data-drupal-subtrees=\"\" id=\"toolbar-item-administration\" data-toolbar-tray=\"toolbar-item-administration-tray\" aria-owns=\"toolbar-item-administration-tray\" role=\"button\" aria-pressed=\"false\"></a> (WARNING: The server did not provide any stacktrace information)\nCommand duration or timeout: 0 milliseconds\nBuild info: version: '3.7.1', revision: '8a0099a', time: '2017-11-06T21:01:39.354Z'\nSystem info: host: 'BOHDAN-ПК', ip: '192.168.56.1', os.name: 'Windows 7', os.arch: 'x86', os.version: '6.1', java.version: '1.8.0_144'\nDriver info: org.openqa.selenium.firefox.FirefoxDriver\nCapabilities {acceptSslCerts: true, applicationCacheEnabled: true, browserName: firefox, cssSelectorsEnabled: true, databaseEnabled: true, handlesAlerts: true, javascriptEnabled: true, locationContextEnabled: true, nativeEvents: false, platform: WINDOWS, platformName: WINDOWS, rotatable: false, takesScreenshot: true, version: 47.0.1, webStorageEnabled: true}\nSession ID: 428759e2-dc35-4182-89dc-cf97b6d5716b\r\n\tat sun.reflect.NativeConstructorAccessorImpl.newInstance0(Native Method)\r\n\tat sun.reflect.NativeConstructorAccessorImpl.newInstance(Unknown Source)\r\n\tat sun.reflect.DelegatingConstructorAccessorImpl.newInstance(Unknown Source)\r\n\tat java.lang.reflect.Constructor.newInstance(Unknown Source)\r\n\tat org.openqa.selenium.remote.ErrorHandler.createThrowable(ErrorHandler.java:214)\r\n\tat org.openqa.selenium.remote.ErrorHandler.throwIfResponseFailed(ErrorHandler.java:166)\r\n\tat org.openqa.selenium.remote.http.JsonHttpResponseCodec.reconstructValue(JsonHttpResponseCodec.java:40)\r\n\tat org.openqa.selenium.remote.http.AbstractHttpResponseCodec.decode(AbstractHttpResponseCodec.java:80)\r\n\tat org.openqa.selenium.remote.http.AbstractHttpResponseCodec.decode(AbstractHttpResponseCodec.java:44)\r\n\tat org.openqa.selenium.remote.HttpCommandExecutor.execute(HttpCommandExecutor.java:164)\r\n\tat org.openqa.selenium.remote.service.DriverCommandExecutor.execute(DriverCommandExecutor.java:83)\r\n\tat org.openqa.selenium.remote.RemoteWebDriver.execute(RemoteWebDriver.java:600)\r\n\tat org.openqa.selenium.remote.RemoteExecuteMethod.execute(RemoteExecuteMethod.java:35)\r\n\tat org.openqa.selenium.remote.RemoteMouse.click(RemoteMouse.java:59)\r\n\tat org.openqa.selenium.support.events.internal.EventFiringMouse.click(EventFiringMouse.java:41)\r\n\tat org.openqa.selenium.interactions.ClickAction.perform(ClickAction.java:40)\r\n\tat org.openqa.selenium.interactions.CompositeAction.perform(CompositeAction.java:36)\r\n\tat org.openqa.selenium.interactions.Actions$BuiltAction.perform(Actions.java:641)\r\n\tat schleuniger.pages.ProductTemplate.chooseCategory_aroundBody6(ProductTemplate.java:115)\r\n\tat schleuniger.pages.ProductTemplate$AjcClosure7.run(ProductTemplate.java:1)\r\n\tat org.aspectj.runtime.reflect.JoinPointImpl.proceed(JoinPointImpl.java:149)\r\n\tat io.qameta.allure.aspects.StepsAspects.step(StepsAspects.java:46)\r\n\tat schleuniger.pages.ProductTemplate.chooseCategory(ProductTemplate.java:107)\r\n\tat schleuniger.testcases.Test_Class.createProduct(Test_Class.java:35)\r\n\tat sun.reflect.NativeMethodAccessorImpl.invoke0(Native Method)\r\n\tat sun.reflect.NativeMethodAccessorImpl.invoke(Unknown Source)\r\n\tat sun.reflect.DelegatingMethodAccessorImpl.invoke(Unknown Source)\r\n\tat java.lang.reflect.Method.invoke(Unknown Source)\r\n\tat org.testng.internal.MethodInvocationHelper.invokeMethod(MethodInvocationHelper.java:108)\r\n\tat org.testng.internal.Invoker.invokeMethod(Invoker.java:661)\r\n\tat org.testng.internal.Invoker.invokeTestMethod(Invoker.java:869)\r\n\tat org.testng.internal.Invoker.invokeTestMethods(Invoker.java:1193)\r\n\tat org.testng.internal.TestMethodWorker.invokeTestMethods(TestMethodWorker.java:126)\r\n\tat org.testng.internal.TestMethodWorker.run(TestMethodWorker.java:109)\r\n\tat org.testng.TestRunner.privateRun(TestRunner.java:744)\r\n\tat org.testng.TestRunner.run(TestRunner.java:602)\r\n\tat org.testng.SuiteRunner.runTest(SuiteRunner.java:380)\r\n\tat org.testng.SuiteRunner.runSequentially(SuiteRunner.java:375)\r\n\tat org.testng.SuiteRunner.privateRun(SuiteRunner.java:340)\r\n\tat org.testng.SuiteRunner.run(SuiteRunner.java:289)\r\n\tat org.testng.SuiteRunnerWorker.runSuite(SuiteRunnerWorker.java:52)\r\n\tat org.testng.SuiteRunnerWorker.run(SuiteRunnerWorker.java:86)\r\n\tat org.testng.TestNG.runSuitesSequentially(TestNG.java:1301)\r\n\tat org.testng.TestNG.runSuitesLocally(TestNG.java:1226)\r\n\tat org.testng.TestNG.runSuites(TestNG.java:1144)\r\n\tat org.testng.TestNG.run(TestNG.java:1115)\r\n\tat org.testng.remote.AbstractRemoteTestNG.run(AbstractRemoteTestNG.java:114)\r\n\tat org.testng.remote.RemoteTestNG.initAndRun(RemoteTestNG.java:251)\r\n\tat org.testng.remote.RemoteTestNG.main(RemoteTestNG.java:77)\r\n"},"stage":"finished","start":1518278285238,"stop":1518278302590,"steps":[{"name":"Navigate to Content btn.","status":"passed","stage":"finished","start":1518278290092,"stop":1518278290224},{"name":"Click on Add content btn.","status":"passed","stage":"finished","start":1518278290226,"stop":1518278292922},{"name":"Click on Product content type.","status":"passed","stage":"finished","start":1518278292922,"stop":1518278299501},{"name":"Typing a title field.","status":"passed","stage":"finished","start":1518278299502,"stop":1518278299946,"parameters":[{"name":"txt","value":"Test Product"}]},{"name":"Typing a subtitle field.","status":"passed","stage":"finished","start":1518278299946,"stop":1518278300307,"parameters":[{"name":"txt","value":"Subtitle"}]},{"name":"Selecting the language of node.","status":"passed","stage":"finished","start":1518278300308,"stop":1518278300478,"parameters":[{"name":"value","value":"de-de"}]},{"name":"Choose category.","status":"passed","stage":"finished","start":1518278300478,"stop":1518278301581,"parameters":[{"name":"categ","value":"Strip"}]},{"name":"Choose category.","status":"broken","statusDetails":{"known":false,"muted":false,"flaky":false,"message":"Element <li data-option-array-index=\"10\" style=\"\" class=\"active-result\"></li> is not clickable at point (223.5, 12.433334350585938). Other element would receive the click: <a href=\"/dach/de-de/admin\" class=\"toolbar-icon toolbar-icon-menu trigger toolbar-item is-active\" data-drupal-subtrees=\"\" id=\"toolbar-item-administration\" data-toolbar-tray=\"toolbar-item-administration-tray\" aria-owns=\"toolbar-item-administration-tray\" role=\"button\" aria-pressed=\"false\"></a> (WARNING: The server did not provide any stacktrace information)\nCommand duration or timeout: 0 milliseconds\nBuild info: version: '3.7.1', revision: '8a0099a', time: '2017-11-06T21:01:39.354Z'\nSystem info: host: 'BOHDAN-ПК', ip: '192.168.56.1', os.name: 'Windows 7', os.arch: 'x86', os.version: '6.1', java.version: '1.8.0_144'\nDriver info: org.openqa.selenium.firefox.FirefoxDriver\nCapabilities {acceptSslCerts: true, applicationCacheEnabled: true, browserName: firefox, cssSelectorsEnabled: true, databaseEnabled: true, handlesAlerts: true, javascriptEnabled: true, locationContextEnabled: true, nativeEvents: false, platform: WINDOWS, platformName: WINDOWS, rotatable: false, takesScreenshot: true, version: 47.0.1, webStorageEnabled: true}\nSession ID: 428759e2-dc35-4182-89dc-cf97b6d5716b","trace":"org.openqa.selenium.WebDriverException: Element <li data-option-array-index=\"10\" style=\"\" class=\"active-result\"></li> is not clickable at point (223.5, 12.433334350585938). Other element would receive the click: <a href=\"/dach/de-de/admin\" class=\"toolbar-icon toolbar-icon-menu trigger toolbar-item is-active\" data-drupal-subtrees=\"\" id=\"toolbar-item-administration\" data-toolbar-tray=\"toolbar-item-administration-tray\" aria-owns=\"toolbar-item-administration-tray\" role=\"button\" aria-pressed=\"false\"></a> (WARNING: The server did not provide any stacktrace information)\nCommand duration or timeout: 0 milliseconds\nBuild info: version: '3.7.1', revision: '8a0099a', time: '2017-11-06T21:01:39.354Z'\nSystem info: host: 'BOHDAN-ПК', ip: '192.168.56.1', os.name: 'Windows 7', os.arch: 'x86', os.version: '6.1', java.version: '1.8.0_144'\nDriver info: org.openqa.selenium.firefox.FirefoxDriver\nCapabilities {acceptSslCerts: true, applicationCacheEnabled: true, browserName: firefox, cssSelectorsEnabled: true, databaseEnabled: true, handlesAlerts: true, javascriptEnabled: true, locationContextEnabled: true, nativeEvents: false, platform: WINDOWS, platformName: WINDOWS, rotatable: false, takesScreenshot: true, version: 47.0.1, webStorageEnabled: true}\nSession ID: 428759e2-dc35-4182-89dc-cf97b6d5716b\r\n\tat sun.reflect.NativeConstructorAccessorImpl.newInstance0(Native Method)\r\n\tat sun.reflect.NativeConstructorAccessorImpl.newInstance(Unknown Source)\r\n\tat sun.reflect.DelegatingConstructorAccessorImpl.newInstance(Unknown Source)\r\n\tat java.lang.reflect.Constructor.newInstance(Unknown Source)\r\n\tat org.openqa.selenium.remote.ErrorHandler.createThrowable(ErrorHandler.java:214)\r\n\tat org.openqa.selenium.remote.ErrorHandler.throwIfResponseFailed(ErrorHandler.java:166)\r\n\tat org.openqa.selenium.remote.http.JsonHttpResponseCodec.reconstructValue(JsonHttpResponseCodec.java:40)\r\n\tat org.openqa.selenium.remote.http.AbstractHttpResponseCodec.decode(AbstractHttpResponseCodec.java:80)\r\n\tat org.openqa.selenium.remote.http.AbstractHttpResponseCodec.decode(AbstractHttpResponseCodec.java:44)\r\n\tat org.openqa.selenium.remote.HttpCommandExecutor.execute(HttpCommandExecutor.java:164)\r\n\tat org.openqa.selenium.remote.service.DriverCommandExecutor.execute(DriverCommandExecutor.java:83)\r\n\tat org.openqa.selenium.remote.RemoteWebDriver.execute(RemoteWebDriver.java:600)\r\n\tat org.openqa.selenium.remote.RemoteExecuteMethod.execute(RemoteExecuteMethod.java:35)\r\n\tat org.openqa.selenium.remote.RemoteMouse.click(RemoteMouse.java:59)\r\n\tat org.openqa.selenium.support.events.internal.EventFiringMouse.click(EventFiringMouse.java:41)\r\n\tat org.openqa.selenium.interactions.ClickAction.perform(ClickAction.java:40)\r\n\tat org.openqa.selenium.interactions.CompositeAction.perform(CompositeAction.java:36)\r\n\tat org.openqa.selenium.interactions.Actions$BuiltAction.perform(Actions.java:641)\r\n\tat schleuniger.pages.ProductTemplate.chooseCategory_aroundBody6(ProductTemplate.java:115)\r\n\tat schleuniger.pages.ProductTemplate$AjcClosure7.run(ProductTemplate.java:1)\r\n\tat org.aspectj.runtime.reflect.JoinPointImpl.proceed(JoinPointImpl.java:149)\r\n\tat io.qameta.allure.aspects.StepsAspects.step(StepsAspects.java:46)\r\n\tat schleuniger.pages.ProductTemplate.chooseCategory(ProductTemplate.java:107)\r\n\tat schleuniger.testcases.Test_Class.createProduct(Test_Class.java:35)\r\n\tat sun.reflect.NativeMethodAccessorImpl.invoke0(Native Method)\r\n\tat sun.reflect.NativeMethodAccessorImpl.invoke(Unknown Source)\r\n\tat sun.reflect.DelegatingMethodAccessorImpl.invoke(Unknown Source)\r\n\tat java.lang.reflect.Method.invoke(Unknown Source)\r\n\tat org.testng.internal.MethodInvocationHelper.invokeMethod(MethodInvocationHelper.java:108)\r\n\tat org.testng.internal.Invoker.invokeMethod(Invoker.java:661)\r\n\tat org.testng.internal.Invoker.invokeTestMethod(Invoker.java:869)\r\n\tat org.testng.internal.Invoker.invokeTestMethods(Invoker.java:1193)\r\n\tat org.testng.internal.TestMethodWorker.invokeTestMethods(TestMethodWorker.java:126)\r\n\tat org.testng.internal.TestMethodWorker.run(TestMethodWorker.java:109)\r\n\tat org.testng.TestRunner.privateRun(TestRunner.java:744)\r\n\tat org.testng.TestRunner.run(TestRunner.java:602)\r\n\tat org.testng.SuiteRunner.runTest(SuiteRunner.java:380)\r\n\tat org.testng.SuiteRunner.runSequentially(SuiteRunner.java:375)\r\n\tat org.testng.SuiteRunner.privateRun(SuiteRunner.java:340)\r\n\tat org.testng.SuiteRunner.run(SuiteRunner.java:289)\r\n\tat org.testng.SuiteRunnerWorker.runSuite(SuiteRunnerWorker.java:52)\r\n\tat org.testng.SuiteRunnerWorker.run(SuiteRunnerWorker.java:86)\r\n\tat org.testng.TestNG.runSuitesSequentially(TestNG.java:1301)\r\n\tat org.testng.TestNG.runSuitesLocally(TestNG.java:1226)\r\n\tat org.testng.TestNG.runSuites(TestNG.java:1144)\r\n\tat org.testng.TestNG.run(TestNG.java:1115)\r\n\tat org.testng.remote.AbstractRemoteTestNG.run(AbstractRemoteTestNG.java:114)\r\n\tat org.testng.remote.RemoteTestNG.initAndRun(RemoteTestNG.java:251)\r\n\tat org.testng.remote.RemoteTestNG.main(RemoteTestNG.java:77)\r\n"},"stage":"finished","start":1518278301581,"stop":1518278302575,"parameters":[{"name":"categ","value":"Koaxialkabel"}]}],"parameters":[]}